{"C:\\Users\\admin-thebe\\Downloads\\dev\\Dev-Squad-Tech\\startup-web\\features\\admin\\admin.service.ts": {"path":"C:\\Users\\admin-thebe\\Downloads\\dev\\Dev-Squad-Tech\\startup-web\\features\\admin\\admin.service.ts","statementMap":{"0":{"start":{"line":1,"column":0},"end":{"line":1,"column":30}},"1":{"start":{"line":3,"column":13},"end":{"line":85,"column":2}},"2":{"start":{"line":5,"column":69},"end":{"line":14,"column":null}},"3":{"start":{"line":5,"column":14},"end":{"line":5,"column":69}},"4":{"start":{"line":16,"column":8},"end":{"line":21,"column":10}},"5":{"start":{"line":24,"column":19},"end":{"line":24,"column":29}},"6":{"start":{"line":24,"column":29},"end":{"line":24,"column":41}},"7":{"start":{"line":25,"column":14},"end":{"line":25,"column":40}},"8":{"start":{"line":27,"column":14},"end":{"line":27,"column":30}},"9":{"start":{"line":28,"column":8},"end":{"line":33,"column":9}},"10":{"start":{"line":29,"column":12},"end":{"line":32,"column":14}},"11":{"start":{"line":35,"column":31},"end":{"line":56,"column":null}},"12":{"start":{"line":35,"column":14},"end":{"line":35,"column":31}},"13":{"start":{"line":58,"column":8},"end":{"line":58,"column":32}},"14":{"start":{"line":62,"column":15},"end":{"line":66,"column":11}},"15":{"start":{"line":62,"column":8},"end":{"line":66,"column":11}},"16":{"start":{"line":73,"column":8},"end":{"line":77,"column":11}},"17":{"start":{"line":81,"column":15},"end":{"line":83,"column":11}},"18":{"start":{"line":81,"column":8},"end":{"line":83,"column":11}}},"fnMap":{"0":{"name":"(anonymous_13)","decl":{"start":{"line":4,"column":18},"end":{"line":4,"column":null}},"loc":{"start":{"line":4,"column":18},"end":{"line":22,"column":null}}},"1":{"name":"(anonymous_16)","decl":{"start":{"line":24,"column":18},"end":{"line":24,"column":19}},"loc":{"start":{"line":24,"column":18},"end":{"line":59,"column":null}}},"2":{"name":"(anonymous_19)","decl":{"start":{"line":61,"column":24},"end":{"line":61,"column":25}},"loc":{"start":{"line":61,"column":63},"end":{"line":67,"column":null}}},"3":{"name":"(anonymous_22)","decl":{"start":{"line":69,"column":20},"end":{"line":69,"column":21}},"loc":{"start":{"line":69,"column":35},"end":{"line":78,"column":null}}},"4":{"name":"(anonymous_25)","decl":{"start":{"line":80,"column":22},"end":{"line":80,"column":23}},"loc":{"start":{"line":80,"column":39},"end":{"line":84,"column":null}}}},"branchMap":{"0":{"loc":{"start":{"line":5,"column":69},"end":{"line":14,"column":null}},"type":"switch","locations":[{"start":{"line":5,"column":69},"end":{"line":14,"column":null}}]},"1":{"loc":{"start":{"line":20,"column":27},"end":{"line":20,"column":53}},"type":"binary-expr","locations":[{"start":{"line":20,"column":27},"end":{"line":20,"column":48}},{"start":{"line":20,"column":52},"end":{"line":20,"column":53}}]},"2":{"loc":{"start":{"line":24,"column":19},"end":{"line":24,"column":29}},"type":"if","locations":[{"start":{"line":24,"column":19},"end":{"line":24,"column":29}},{"start":{},"end":{}}]},"3":{"loc":{"start":{"line":24,"column":29},"end":{"line":24,"column":41}},"type":"if","locations":[{"start":{"line":24,"column":29},"end":{"line":24,"column":41}},{"start":{},"end":{}}]},"4":{"loc":{"start":{"line":28,"column":8},"end":{"line":33,"column":9}},"type":"if","locations":[{"start":{"line":28,"column":8},"end":{"line":33,"column":9}},{"start":{},"end":{}}]},"5":{"loc":{"start":{"line":62,"column":15},"end":{"line":66,"column":11}},"type":"switch","locations":[{"start":{"line":62,"column":15},"end":{"line":66,"column":11}},{"start":{"line":62,"column":8},"end":{"line":66,"column":11}}]},"6":{"loc":{"start":{"line":81,"column":15},"end":{"line":83,"column":11}},"type":"switch","locations":[{"start":{"line":81,"column":15},"end":{"line":83,"column":11}},{"start":{"line":81,"column":8},"end":{"line":83,"column":11}}]}},"s":{"0":1,"1":1,"2":1,"3":1,"4":1,"5":1,"6":1,"7":1,"8":1,"9":1,"10":0,"11":1,"12":1,"13":1,"14":1,"15":1,"16":2,"17":1,"18":1},"f":{"0":1,"1":1,"2":1,"3":1,"4":1},"b":{"0":[1],"1":[1,0],"2":[0,1],"3":[0,1],"4":[0,1],"5":[1,1],"6":[1,1]}}
,"C:\\Users\\admin-thebe\\Downloads\\dev\\Dev-Squad-Tech\\startup-web\\features\\auth\\auth.service.ts": {"path":"C:\\Users\\admin-thebe\\Downloads\\dev\\Dev-Squad-Tech\\startup-web\\features\\auth\\auth.service.ts","statementMap":{"0":{"start":{"line":1,"column":0},"end":{"line":1,"column":30}},"1":{"start":{"line":7,"column":0},"end":{"line":7,"column":30}},"2":{"start":{"line":8,"column":0},"end":{"line":8,"column":31}},"3":{"start":{"line":9,"column":0},"end":{"line":9,"column":62}},"4":{"start":{"line":12,"column":19},"end":{"line":12,"column":75}},"5":{"start":{"line":14,"column":13},"end":{"line":97,"column":2}},"6":{"start":{"line":16,"column":16},"end":{"line":16,"column":42}},"7":{"start":{"line":18,"column":29},"end":{"line":20,"column":null}},"8":{"start":{"line":18,"column":14},"end":{"line":20,"column":null}},"9":{"start":{"line":22,"column":8},"end":{"line":24,"column":9}},"10":{"start":{"line":23,"column":12},"end":{"line":23,"column":67}},"11":{"start":{"line":26,"column":31},"end":{"line":26,"column":null}},"12":{"start":{"line":26,"column":14},"end":{"line":26,"column":null}},"13":{"start":{"line":28,"column":21},"end":{"line":35,"column":null}},"14":{"start":{"line":28,"column":14},"end":{"line":35,"column":null}},"15":{"start":{"line":39,"column":8},"end":{"line":39,"column":92}},"16":{"start":{"line":41,"column":14},"end":{"line":45,"column":10}},"17":{"start":{"line":47,"column":8},"end":{"line":58,"column":10}},"18":{"start":{"line":62,"column":16},"end":{"line":62,"column":36}},"19":{"start":{"line":64,"column":21},"end":{"line":66,"column":null}},"20":{"start":{"line":64,"column":14},"end":{"line":66,"column":null}},"21":{"start":{"line":68,"column":8},"end":{"line":70,"column":9}},"22":{"start":{"line":69,"column":12},"end":{"line":69,"column":51}},"23":{"start":{"line":72,"column":32},"end":{"line":72,"column":null}},"24":{"start":{"line":72,"column":14},"end":{"line":72,"column":null}},"25":{"start":{"line":74,"column":8},"end":{"line":76,"column":9}},"26":{"start":{"line":75,"column":12},"end":{"line":75,"column":51}},"27":{"start":{"line":78,"column":14},"end":{"line":82,"column":10}},"28":{"start":{"line":84,"column":8},"end":{"line":95,"column":10}}},"fnMap":{"0":{"name":"(anonymous_14)","decl":{"start":{"line":15,"column":18},"end":{"line":15,"column":19}},"loc":{"start":{"line":15,"column":51},"end":{"line":59,"column":null}}},"1":{"name":"(anonymous_17)","decl":{"start":{"line":61,"column":15},"end":{"line":61,"column":16}},"loc":{"start":{"line":61,"column":45},"end":{"line":96,"column":null}}}},"branchMap":{"0":{"loc":{"start":{"line":12,"column":19},"end":{"line":12,"column":75}},"type":"binary-expr","locations":[{"start":{"line":12,"column":19},"end":{"line":12,"column":41}},{"start":{"line":12,"column":45},"end":{"line":12,"column":75}}]},"1":{"loc":{"start":{"line":22,"column":8},"end":{"line":24,"column":9}},"type":"if","locations":[{"start":{"line":22,"column":8},"end":{"line":24,"column":9}},{"start":{},"end":{}}]},"2":{"loc":{"start":{"line":39,"column":50},"end":{"line":39,"column":69}},"type":"binary-expr","locations":[{"start":{"line":39,"column":50},"end":{"line":39,"column":59}},{"start":{"line":39,"column":63},"end":{"line":39,"column":69}}]},"3":{"loc":{"start":{"line":68,"column":8},"end":{"line":70,"column":9}},"type":"if","locations":[{"start":{"line":68,"column":8},"end":{"line":70,"column":9}},{"start":{},"end":{}}]},"4":{"loc":{"start":{"line":74,"column":8},"end":{"line":76,"column":9}},"type":"if","locations":[{"start":{"line":74,"column":8},"end":{"line":76,"column":9}},{"start":{},"end":{}}]}},"s":{"0":2,"1":2,"2":2,"3":2,"4":2,"5":2,"6":3,"7":3,"8":3,"9":3,"10":1,"11":2,"12":2,"13":2,"14":2,"15":2,"16":2,"17":2,"18":3,"19":3,"20":3,"21":3,"22":1,"23":2,"24":2,"25":2,"26":1,"27":1,"28":1},"f":{"0":3,"1":3},"b":{"0":[2,2],"1":[1,2],"2":[2,0],"3":[1,2],"4":[1,1]}}
,"C:\\Users\\admin-thebe\\Downloads\\dev\\Dev-Squad-Tech\\startup-web\\features\\email\\email.service.ts": {"path":"C:\\Users\\admin-thebe\\Downloads\\dev\\Dev-Squad-Tech\\startup-web\\features\\email\\email.service.ts","statementMap":{"0":{"start":{"line":1,"column":0},"end":{"line":1,"column":40}},"1":{"start":{"line":3,"column":13},"end":{"line":28,"column":2}},"2":{"start":{"line":5,"column":14},"end":{"line":5,"column":50}},"3":{"start":{"line":6,"column":14},"end":{"line":15,"column":10}},"4":{"start":{"line":17,"column":8},"end":{"line":21,"column":11}},"5":{"start":{"line":26,"column":8},"end":{"line":26,"column":93}}},"fnMap":{"0":{"name":"(anonymous_13)","decl":{"start":{"line":4,"column":26},"end":{"line":4,"column":27}},"loc":{"start":{"line":4,"column":54},"end":{"line":22,"column":null}}},"1":{"name":"(anonymous_16)","decl":{"start":{"line":24,"column":32},"end":{"line":24,"column":33}},"loc":{"start":{"line":24,"column":61},"end":{"line":27,"column":null}}}},"branchMap":{},"s":{"0":2,"1":2,"2":1,"3":1,"4":2,"5":0},"f":{"0":1,"1":0},"b":{}}
,"C:\\Users\\admin-thebe\\Downloads\\dev\\Dev-Squad-Tech\\startup-web\\features\\feedback\\feedback.service.ts": {"path":"C:\\Users\\admin-thebe\\Downloads\\dev\\Dev-Squad-Tech\\startup-web\\features\\feedback\\feedback.service.ts","statementMap":{"0":{"start":{"line":1,"column":0},"end":{"line":1,"column":30}},"1":{"start":{"line":4,"column":13},"end":{"line":54,"column":2}},"2":{"start":{"line":6,"column":15},"end":{"line":12,"column":11}},"3":{"start":{"line":6,"column":8},"end":{"line":12,"column":11}},"4":{"start":{"line":15,"column":17},"end":{"line":15,"column":27}},"5":{"start":{"line":15,"column":27},"end":{"line":15,"column":39}},"6":{"start":{"line":16,"column":14},"end":{"line":16,"column":40}},"7":{"start":{"line":18,"column":14},"end":{"line":18,"column":30}},"8":{"start":{"line":19,"column":8},"end":{"line":24,"column":9}},"9":{"start":{"line":20,"column":12},"end":{"line":23,"column":14}},"10":{"start":{"line":26,"column":31},"end":{"line":43,"column":null}},"11":{"start":{"line":26,"column":14},"end":{"line":26,"column":31}},"12":{"start":{"line":45,"column":8},"end":{"line":45,"column":32}},"13":{"start":{"line":49,"column":15},"end":{"line":52,"column":11}},"14":{"start":{"line":49,"column":8},"end":{"line":52,"column":11}}},"fnMap":{"0":{"name":"(anonymous_13)","decl":{"start":{"line":5,"column":16},"end":{"line":5,"column":17}},"loc":{"start":{"line":5,"column":42},"end":{"line":13,"column":null}}},"1":{"name":"(anonymous_16)","decl":{"start":{"line":15,"column":16},"end":{"line":15,"column":17}},"loc":{"start":{"line":15,"column":16},"end":{"line":46,"column":null}}},"2":{"name":"(anonymous_19)","decl":{"start":{"line":48,"column":21},"end":{"line":48,"column":22}},"loc":{"start":{"line":48,"column":36},"end":{"line":53,"column":null}}}},"branchMap":{"0":{"loc":{"start":{"line":6,"column":15},"end":{"line":12,"column":11}},"type":"switch","locations":[{"start":{"line":6,"column":15},"end":{"line":12,"column":11}},{"start":{"line":6,"column":8},"end":{"line":12,"column":11}}]},"1":{"loc":{"start":{"line":15,"column":17},"end":{"line":15,"column":27}},"type":"if","locations":[{"start":{"line":15,"column":17},"end":{"line":15,"column":27}},{"start":{},"end":{}}]},"2":{"loc":{"start":{"line":15,"column":27},"end":{"line":15,"column":39}},"type":"if","locations":[{"start":{"line":15,"column":27},"end":{"line":15,"column":39}},{"start":{},"end":{}}]},"3":{"loc":{"start":{"line":19,"column":8},"end":{"line":24,"column":9}},"type":"if","locations":[{"start":{"line":19,"column":8},"end":{"line":24,"column":9}},{"start":{},"end":{}}]},"4":{"loc":{"start":{"line":49,"column":15},"end":{"line":52,"column":11}},"type":"switch","locations":[{"start":{"line":49,"column":15},"end":{"line":52,"column":11}},{"start":{"line":49,"column":8},"end":{"line":52,"column":11}}]}},"s":{"0":1,"1":1,"2":1,"3":1,"4":2,"5":2,"6":2,"7":2,"8":2,"9":1,"10":2,"11":2,"12":2,"13":1,"14":1},"f":{"0":1,"1":2,"2":1},"b":{"0":[1,1],"1":[0,2],"2":[0,2],"3":[1,1],"4":[1,1]}}
,"C:\\Users\\admin-thebe\\Downloads\\dev\\Dev-Squad-Tech\\startup-web\\features\\reviews\\review.service.ts": {"path":"C:\\Users\\admin-thebe\\Downloads\\dev\\Dev-Squad-Tech\\startup-web\\features\\reviews\\review.service.ts","statementMap":{"0":{"start":{"line":1,"column":0},"end":{"line":1,"column":30}},"1":{"start":{"line":4,"column":13},"end":{"line":61,"column":2}},"2":{"start":{"line":6,"column":15},"end":{"line":12,"column":11}},"3":{"start":{"line":6,"column":8},"end":{"line":12,"column":11}},"4":{"start":{"line":15,"column":17},"end":{"line":15,"column":27}},"5":{"start":{"line":15,"column":27},"end":{"line":15,"column":39}},"6":{"start":{"line":16,"column":14},"end":{"line":16,"column":40}},"7":{"start":{"line":18,"column":14},"end":{"line":18,"column":30}},"8":{"start":{"line":19,"column":8},"end":{"line":19,"column":42}},"9":{"start":{"line":19,"column":20},"end":{"line":19,"column":42}},"10":{"start":{"line":20,"column":8},"end":{"line":25,"column":9}},"11":{"start":{"line":21,"column":12},"end":{"line":24,"column":14}},"12":{"start":{"line":27,"column":31},"end":{"line":44,"column":null}},"13":{"start":{"line":27,"column":14},"end":{"line":27,"column":31}},"14":{"start":{"line":46,"column":8},"end":{"line":46,"column":32}},"15":{"start":{"line":50,"column":15},"end":{"line":53,"column":11}},"16":{"start":{"line":50,"column":8},"end":{"line":53,"column":11}},"17":{"start":{"line":57,"column":8},"end":{"line":59,"column":11}}},"fnMap":{"0":{"name":"(anonymous_13)","decl":{"start":{"line":5,"column":16},"end":{"line":5,"column":17}},"loc":{"start":{"line":5,"column":40},"end":{"line":13,"column":null}}},"1":{"name":"(anonymous_16)","decl":{"start":{"line":15,"column":16},"end":{"line":15,"column":17}},"loc":{"start":{"line":15,"column":16},"end":{"line":47,"column":null}}},"2":{"name":"(anonymous_19)","decl":{"start":{"line":49,"column":21},"end":{"line":49,"column":22}},"loc":{"start":{"line":49,"column":36},"end":{"line":54,"column":null}}},"3":{"name":"(anonymous_22)","decl":{"start":{"line":56,"column":16},"end":{"line":56,"column":17}},"loc":{"start":{"line":56,"column":43},"end":{"line":60,"column":null}}}},"branchMap":{"0":{"loc":{"start":{"line":6,"column":15},"end":{"line":12,"column":11}},"type":"switch","locations":[{"start":{"line":6,"column":15},"end":{"line":12,"column":11}},{"start":{"line":6,"column":8},"end":{"line":12,"column":11}}]},"1":{"loc":{"start":{"line":15,"column":17},"end":{"line":15,"column":27}},"type":"if","locations":[{"start":{"line":15,"column":17},"end":{"line":15,"column":27}},{"start":{},"end":{}}]},"2":{"loc":{"start":{"line":15,"column":27},"end":{"line":15,"column":39}},"type":"if","locations":[{"start":{"line":15,"column":27},"end":{"line":15,"column":39}},{"start":{},"end":{}}]},"3":{"loc":{"start":{"line":19,"column":8},"end":{"line":19,"column":42}},"type":"if","locations":[{"start":{"line":19,"column":8},"end":{"line":19,"column":42}},{"start":{},"end":{}}]},"4":{"loc":{"start":{"line":20,"column":8},"end":{"line":25,"column":9}},"type":"if","locations":[{"start":{"line":20,"column":8},"end":{"line":25,"column":9}},{"start":{},"end":{}}]},"5":{"loc":{"start":{"line":50,"column":15},"end":{"line":53,"column":11}},"type":"switch","locations":[{"start":{"line":50,"column":15},"end":{"line":53,"column":11}},{"start":{"line":50,"column":8},"end":{"line":53,"column":11}}]},"6":{"loc":{"start":{"line":57,"column":8},"end":{"line":59,"column":11}},"type":"switch","locations":[{"start":{"line":57,"column":8},"end":{"line":59,"column":11}}]}},"s":{"0":1,"1":1,"2":1,"3":1,"4":1,"5":1,"6":1,"7":1,"8":1,"9":0,"10":1,"11":0,"12":1,"13":1,"14":1,"15":0,"16":0,"17":2},"f":{"0":1,"1":1,"2":0,"3":1},"b":{"0":[1,1],"1":[0,1],"2":[0,1],"3":[0,1],"4":[0,1],"5":[0,0],"6":[1]}}
,"C:\\Users\\admin-thebe\\Downloads\\dev\\Dev-Squad-Tech\\startup-web\\features\\users\\user.service.ts": {"path":"C:\\Users\\admin-thebe\\Downloads\\dev\\Dev-Squad-Tech\\startup-web\\features\\users\\user.service.ts","statementMap":{"0":{"start":{"line":1,"column":0},"end":{"line":1,"column":30}},"1":{"start":{"line":4,"column":13},"end":{"line":38,"column":2}},"2":{"start":{"line":6,"column":15},"end":{"line":21,"column":11}},"3":{"start":{"line":6,"column":8},"end":{"line":21,"column":11}},"4":{"start":{"line":25,"column":15},"end":{"line":36,"column":11}},"5":{"start":{"line":25,"column":8},"end":{"line":36,"column":11}}},"fnMap":{"0":{"name":"(anonymous_13)","decl":{"start":{"line":5,"column":23},"end":{"line":5,"column":24}},"loc":{"start":{"line":5,"column":63},"end":{"line":22,"column":null}}},"1":{"name":"(anonymous_16)","decl":{"start":{"line":24,"column":20},"end":{"line":24,"column":21}},"loc":{"start":{"line":24,"column":35},"end":{"line":37,"column":null}}}},"branchMap":{"0":{"loc":{"start":{"line":6,"column":15},"end":{"line":21,"column":11}},"type":"switch","locations":[{"start":{"line":6,"column":15},"end":{"line":21,"column":11}},{"start":{"line":6,"column":8},"end":{"line":21,"column":11}}]},"1":{"loc":{"start":{"line":25,"column":15},"end":{"line":36,"column":11}},"type":"switch","locations":[{"start":{"line":25,"column":15},"end":{"line":36,"column":11}},{"start":{"line":25,"column":8},"end":{"line":36,"column":11}}]}},"s":{"0":1,"1":1,"2":1,"3":1,"4":2,"5":2},"f":{"0":1,"1":2},"b":{"0":[1,1],"1":[2,2]}}
,"C:\\Users\\admin-thebe\\Downloads\\dev\\Dev-Squad-Tech\\startup-web\\lib\\email.ts": {"path":"C:\\Users\\admin-thebe\\Downloads\\dev\\Dev-Squad-Tech\\startup-web\\lib\\email.ts","statementMap":{"0":{"start":{"line":1,"column":0},"end":{"line":1,"column":36}},"1":{"start":{"line":3,"column":18},"end":{"line":3,"column":39}},"2":{"start":{"line":4,"column":18},"end":{"line":4,"column":58}},"3":{"start":{"line":5,"column":18},"end":{"line":5,"column":39}},"4":{"start":{"line":6,"column":18},"end":{"line":6,"column":39}},"5":{"start":{"line":7,"column":18},"end":{"line":7,"column":83}},"6":{"start":{"line":10,"column":13},"end":{"line":18,"column":3}},"7":{"start":{"line":20,"column":25},"end":{"line":56,"column":2}},"8":{"start":{"line":21,"column":6},"end":{"line":21,"column":null}},"9":{"start":{"line":22,"column":11},"end":{"line":22,"column":null}},"10":{"start":{"line":23,"column":8},"end":{"line":23,"column":null}},"11":{"start":{"line":24,"column":8},"end":{"line":24,"column":null}},"12":{"start":{"line":32,"column":4},"end":{"line":39,"column":5}},"13":{"start":{"line":33,"column":8},"end":{"line":33,"column":59}},"14":{"start":{"line":34,"column":8},"end":{"line":34,"column":46}},"15":{"start":{"line":35,"column":8},"end":{"line":35,"column":56}},"16":{"start":{"line":36,"column":8},"end":{"line":36,"column":50}},"17":{"start":{"line":37,"column":8},"end":{"line":37,"column":59}},"18":{"start":{"line":38,"column":8},"end":{"line":38,"column":15}},"19":{"start":{"line":42,"column":21},"end":{"line":48,"column":null}},"20":{"start":{"line":42,"column":14},"end":{"line":48,"column":null}},"21":{"start":{"line":50,"column":8},"end":{"line":50,"column":55}},"22":{"start":{"line":51,"column":8},"end":{"line":51,"column":20}},"23":{"start":{"line":53,"column":8},"end":{"line":53,"column":53}},"24":{"start":{"line":54,"column":8},"end":{"line":54,"column":20}},"25":{"start":{"line":20,"column":13},"end":{"line":20,"column":25}}},"fnMap":{"0":{"name":"(anonymous_14)","decl":{"start":{"line":20,"column":25},"end":{"line":20,"column":32}},"loc":{"start":{"line":20,"column":25},"end":{"line":56,"column":2}}}},"branchMap":{"0":{"loc":{"start":{"line":4,"column":27},"end":{"line":4,"column":57}},"type":"binary-expr","locations":[{"start":{"line":4,"column":27},"end":{"line":4,"column":48}},{"start":{"line":4,"column":52},"end":{"line":4,"column":57}}]},"1":{"loc":{"start":{"line":7,"column":18},"end":{"line":7,"column":83}},"type":"binary-expr","locations":[{"start":{"line":7,"column":18},"end":{"line":7,"column":39}},{"start":{"line":7,"column":43},"end":{"line":7,"column":83}}]},"2":{"loc":{"start":{"line":32,"column":4},"end":{"line":39,"column":5}},"type":"if","locations":[{"start":{"line":32,"column":4},"end":{"line":39,"column":5}},{"start":{},"end":{}}]},"3":{"loc":{"start":{"line":32,"column":8},"end":{"line":32,"column":32}},"type":"binary-expr","locations":[{"start":{"line":32,"column":8},"end":{"line":32,"column":18}},{"start":{"line":32,"column":22},"end":{"line":32,"column":32}}]},"4":{"loc":{"start":{"line":46,"column":18},"end":{"line":46,"column":56}},"type":"binary-expr","locations":[{"start":{"line":46,"column":18},"end":{"line":46,"column":22}},{"start":{"line":46,"column":26},"end":{"line":46,"column":56}}]}},"s":{"0":2,"1":2,"2":2,"3":2,"4":2,"5":2,"6":2,"7":3,"8":1,"9":1,"10":1,"11":1,"12":1,"13":1,"14":1,"15":1,"16":1,"17":1,"18":1,"19":0,"20":0,"21":0,"22":0,"23":0,"24":0,"25":2},"f":{"0":2},"b":{"0":[2,2],"1":[2,2],"2":[1,0],"3":[1,0],"4":[0,0]}}
}
