TN:
SF:features\admin\admin.service.ts
FN:4,(anonymous_13)
FN:24,(anonymous_16)
FN:61,(anonymous_19)
FN:69,(anonymous_22)
FN:80,(anonymous_25)
FNF:5
FNH:5
FNDA:1,(anonymous_13)
FNDA:1,(anonymous_16)
FNDA:1,(anonymous_19)
FNDA:1,(anonymous_22)
FNDA:1,(anonymous_25)
DA:1,1
DA:3,1
DA:5,1
DA:16,1
DA:24,1
DA:25,1
DA:27,1
DA:28,1
DA:29,0
DA:35,1
DA:58,1
DA:62,1
DA:73,2
DA:81,1
LF:14
LH:13
BRDA:5,0,0,1
BRDA:20,1,0,1
BRDA:20,1,1,0
BRDA:24,2,0,0
BRDA:24,2,1,1
BRDA:24,3,0,0
BRDA:24,3,1,1
BRDA:28,4,0,0
BRDA:28,4,1,1
BRDA:62,5,0,1
BRDA:62,5,1,1
BRDA:81,6,0,1
BRDA:81,6,1,1
BRF:13
BRH:9
end_of_record
TN:
SF:features\auth\auth.service.ts
FN:15,(anonymous_14)
FN:61,(anonymous_17)
FNF:2
FNH:2
FNDA:3,(anonymous_14)
FNDA:3,(anonymous_17)
DA:1,2
DA:7,2
DA:8,2
DA:9,2
DA:12,2
DA:14,2
DA:16,3
DA:18,3
DA:22,3
DA:23,1
DA:26,2
DA:28,2
DA:39,2
DA:41,2
DA:47,2
DA:62,3
DA:64,3
DA:68,3
DA:69,1
DA:72,2
DA:74,2
DA:75,1
DA:78,1
DA:84,1
LF:24
LH:24
BRDA:12,0,0,2
BRDA:12,0,1,2
BRDA:22,1,0,1
BRDA:22,1,1,2
BRDA:39,2,0,2
BRDA:39,2,1,0
BRDA:68,3,0,1
BRDA:68,3,1,2
BRDA:74,4,0,1
BRDA:74,4,1,1
BRF:10
BRH:9
end_of_record
TN:
SF:features\email\email.service.ts
FN:4,(anonymous_13)
FN:24,(anonymous_16)
FNF:2
FNH:1
FNDA:1,(anonymous_13)
FNDA:0,(anonymous_16)
DA:1,2
DA:3,2
DA:5,1
DA:6,1
DA:17,2
DA:26,0
LF:6
LH:5
BRF:0
BRH:0
end_of_record
TN:
SF:features\feedback\feedback.service.ts
FN:5,(anonymous_13)
FN:15,(anonymous_16)
FN:48,(anonymous_19)
FNF:3
FNH:3
FNDA:1,(anonymous_13)
FNDA:2,(anonymous_16)
FNDA:1,(anonymous_19)
DA:1,1
DA:4,1
DA:6,1
DA:15,2
DA:16,2
DA:18,2
DA:19,2
DA:20,1
DA:26,2
DA:45,2
DA:49,1
LF:11
LH:11
BRDA:6,0,0,1
BRDA:6,0,1,1
BRDA:15,1,0,0
BRDA:15,1,1,2
BRDA:15,2,0,0
BRDA:15,2,1,2
BRDA:19,3,0,1
BRDA:19,3,1,1
BRDA:49,4,0,1
BRDA:49,4,1,1
BRF:10
BRH:8
end_of_record
TN:
SF:features\reviews\review.service.ts
FN:5,(anonymous_13)
FN:15,(anonymous_16)
FN:49,(anonymous_19)
FN:56,(anonymous_22)
FNF:4
FNH:3
FNDA:1,(anonymous_13)
FNDA:1,(anonymous_16)
FNDA:0,(anonymous_19)
FNDA:1,(anonymous_22)
DA:1,1
DA:4,1
DA:6,1
DA:15,1
DA:16,1
DA:18,1
DA:19,1
DA:20,1
DA:21,0
DA:27,1
DA:46,1
DA:50,0
DA:57,2
LF:13
LH:11
BRDA:6,0,0,1
BRDA:6,0,1,1
BRDA:15,1,0,0
BRDA:15,1,1,1
BRDA:15,2,0,0
BRDA:15,2,1,1
BRDA:19,3,0,0
BRDA:19,3,1,1
BRDA:20,4,0,0
BRDA:20,4,1,1
BRDA:50,5,0,0
BRDA:50,5,1,0
BRDA:57,6,0,1
BRF:13
BRH:7
end_of_record
TN:
SF:features\users\user.service.ts
FN:5,(anonymous_13)
FN:24,(anonymous_16)
FNF:2
FNH:2
FNDA:1,(anonymous_13)
FNDA:2,(anonymous_16)
DA:1,1
DA:4,1
DA:6,1
DA:25,2
LF:4
LH:4
BRDA:6,0,0,1
BRDA:6,0,1,1
BRDA:25,1,0,2
BRDA:25,1,1,2
BRF:4
BRH:4
end_of_record
TN:
SF:lib\email.ts
FN:20,(anonymous_14)
FNF:1
FNH:1
FNDA:2,(anonymous_14)
DA:1,2
DA:3,2
DA:4,2
DA:5,2
DA:6,2
DA:7,2
DA:10,2
DA:20,3
DA:21,1
DA:22,1
DA:23,1
DA:24,1
DA:32,1
DA:33,1
DA:34,1
DA:35,1
DA:36,1
DA:37,1
DA:38,1
DA:42,0
DA:50,0
DA:51,0
DA:53,0
DA:54,0
LF:24
LH:19
BRDA:4,0,0,2
BRDA:4,0,1,2
BRDA:7,1,0,2
BRDA:7,1,1,2
BRDA:32,2,0,1
BRDA:32,2,1,0
BRDA:32,3,0,1
BRDA:32,3,1,0
BRDA:46,4,0,0
BRDA:46,4,1,0
BRF:10
BRH:6
end_of_record
